0 info it worked if it ends with ok
1 verbose cli [ '/usr/bin/node', '/usr/bin/npm', 'publish' ]
2 info using npm@1.3.8
3 info using node@v0.10.17
4 verbose publish [ '.' ]
5 verbose cache add [ '.', null ]
6 verbose cache add name=undefined spec="." args=[".",null]
7 verbose parsed url { protocol: null,
7 verbose parsed url   slashes: null,
7 verbose parsed url   auth: null,
7 verbose parsed url   host: null,
7 verbose parsed url   port: null,
7 verbose parsed url   hostname: null,
7 verbose parsed url   hash: null,
7 verbose parsed url   search: null,
7 verbose parsed url   query: null,
7 verbose parsed url   pathname: '.',
7 verbose parsed url   path: '.',
7 verbose parsed url   href: '.' }
8 silly lockFile 3a52ce78- .
9 verbose lock . /home/koneko/.npm/3a52ce78-.lock
10 verbose tar pack [ '/home/koneko/tmp/npm-10569-U0DvBhTH/1395819864662-0.6544161557685584/tmp.tgz',
10 verbose tar pack   '.' ]
11 verbose tarball /home/koneko/tmp/npm-10569-U0DvBhTH/1395819864662-0.6544161557685584/tmp.tgz
12 verbose folder .
13 silly lockFile 1f1177db-tar tar://.
14 verbose lock tar://. /home/koneko/.npm/1f1177db-tar.lock
15 silly lockFile 494f6121-64662-0-6544161557685584-tmp-tgz tar:///home/koneko/tmp/npm-10569-U0DvBhTH/1395819864662-0.6544161557685584/tmp.tgz
16 verbose lock tar:///home/koneko/tmp/npm-10569-U0DvBhTH/1395819864662-0.6544161557685584/tmp.tgz /home/koneko/.npm/494f6121-64662-0-6544161557685584-tmp-tgz.lock
17 silly lockFile 1f1177db-tar tar://.
18 silly lockFile 1f1177db-tar tar://.
19 silly lockFile 494f6121-64662-0-6544161557685584-tmp-tgz tar:///home/koneko/tmp/npm-10569-U0DvBhTH/1395819864662-0.6544161557685584/tmp.tgz
20 silly lockFile 494f6121-64662-0-6544161557685584-tmp-tgz tar:///home/koneko/tmp/npm-10569-U0DvBhTH/1395819864662-0.6544161557685584/tmp.tgz
21 verbose tar unpack /home/koneko/tmp/npm-10569-U0DvBhTH/1395819864662-0.6544161557685584/tmp.tgz
22 silly lockFile 3161d66f-64662-0-6544161557685584-package tar:///home/koneko/tmp/npm-10569-U0DvBhTH/1395819864662-0.6544161557685584/package
23 verbose lock tar:///home/koneko/tmp/npm-10569-U0DvBhTH/1395819864662-0.6544161557685584/package /home/koneko/.npm/3161d66f-64662-0-6544161557685584-package.lock
24 silly lockFile 494f6121-64662-0-6544161557685584-tmp-tgz tar:///home/koneko/tmp/npm-10569-U0DvBhTH/1395819864662-0.6544161557685584/tmp.tgz
25 verbose lock tar:///home/koneko/tmp/npm-10569-U0DvBhTH/1395819864662-0.6544161557685584/tmp.tgz /home/koneko/.npm/494f6121-64662-0-6544161557685584-tmp-tgz.lock
26 silly gunzTarPerm modes [ '755', '644' ]
27 silly gunzTarPerm extractEntry package.json
28 silly gunzTarPerm extractEntry .npmignore
29 silly gunzTarPerm extractEntry README.md
30 silly gunzTarPerm extractEntry mode-gherkin.js
31 silly gunzTarPerm extractEntry postinstall.js
32 silly gunzTarPerm extractEntry client/ext.cucumber/package.json
33 silly gunzTarPerm extractEntry client/ext.cucumber/cucumber.js
34 silly gunzTarPerm extractEntry client/ext.cucumber/cucumber.coffee
35 silly gunzTarPerm extractEntry postinstall.coffee
36 silly gunzTarPerm extractEntry server/cloud9.cucumber/package.json
37 silly gunzTarPerm extractEntry server/cloud9.cucumber/autocompleter.js
38 silly gunzTarPerm extractEntry server/cloud9.cucumber/cucumber.js
39 silly gunzTarPerm extractEntry server/cloud9.cucumber/autocompleter.coffee
40 silly gunzTarPerm extractEntry server/cloud9.cucumber/cucumber.coffee
41 silly lockFile 3161d66f-64662-0-6544161557685584-package tar:///home/koneko/tmp/npm-10569-U0DvBhTH/1395819864662-0.6544161557685584/package
42 silly lockFile 3161d66f-64662-0-6544161557685584-package tar:///home/koneko/tmp/npm-10569-U0DvBhTH/1395819864662-0.6544161557685584/package
43 silly lockFile 494f6121-64662-0-6544161557685584-tmp-tgz tar:///home/koneko/tmp/npm-10569-U0DvBhTH/1395819864662-0.6544161557685584/tmp.tgz
44 silly lockFile 494f6121-64662-0-6544161557685584-tmp-tgz tar:///home/koneko/tmp/npm-10569-U0DvBhTH/1395819864662-0.6544161557685584/tmp.tgz
45 verbose tar pack [ '/home/koneko/.npm/cloud9-cucumber/0.1.0/package.tgz',
45 verbose tar pack   '/home/koneko/tmp/npm-10569-U0DvBhTH/1395819864662-0.6544161557685584/package' ]
46 verbose tarball /home/koneko/.npm/cloud9-cucumber/0.1.0/package.tgz
47 verbose folder /home/koneko/tmp/npm-10569-U0DvBhTH/1395819864662-0.6544161557685584/package
48 silly lockFile 3161d66f-64662-0-6544161557685584-package tar:///home/koneko/tmp/npm-10569-U0DvBhTH/1395819864662-0.6544161557685584/package
49 verbose lock tar:///home/koneko/tmp/npm-10569-U0DvBhTH/1395819864662-0.6544161557685584/package /home/koneko/.npm/3161d66f-64662-0-6544161557685584-package.lock
50 silly lockFile f5813fb0-loud9-cucumber-0-1-0-package-tgz tar:///home/koneko/.npm/cloud9-cucumber/0.1.0/package.tgz
51 verbose lock tar:///home/koneko/.npm/cloud9-cucumber/0.1.0/package.tgz /home/koneko/.npm/f5813fb0-loud9-cucumber-0-1-0-package-tgz.lock
52 silly lockFile 3161d66f-64662-0-6544161557685584-package tar:///home/koneko/tmp/npm-10569-U0DvBhTH/1395819864662-0.6544161557685584/package
53 silly lockFile 3161d66f-64662-0-6544161557685584-package tar:///home/koneko/tmp/npm-10569-U0DvBhTH/1395819864662-0.6544161557685584/package
54 silly lockFile f5813fb0-loud9-cucumber-0-1-0-package-tgz tar:///home/koneko/.npm/cloud9-cucumber/0.1.0/package.tgz
55 silly lockFile f5813fb0-loud9-cucumber-0-1-0-package-tgz tar:///home/koneko/.npm/cloud9-cucumber/0.1.0/package.tgz
56 silly lockFile 63c21e02-pm-cloud9-cucumber-0-1-0-package /home/koneko/.npm/cloud9-cucumber/0.1.0/package
57 verbose lock /home/koneko/.npm/cloud9-cucumber/0.1.0/package /home/koneko/.npm/63c21e02-pm-cloud9-cucumber-0-1-0-package.lock
58 silly lockFile 63c21e02-pm-cloud9-cucumber-0-1-0-package /home/koneko/.npm/cloud9-cucumber/0.1.0/package
59 silly lockFile 63c21e02-pm-cloud9-cucumber-0-1-0-package /home/koneko/.npm/cloud9-cucumber/0.1.0/package
60 verbose tar unpack /home/koneko/.npm/cloud9-cucumber/0.1.0/package.tgz
61 silly lockFile f354aa4f-pm-cloud9-cucumber-0-1-0-package tar:///home/koneko/.npm/cloud9-cucumber/0.1.0/package
62 verbose lock tar:///home/koneko/.npm/cloud9-cucumber/0.1.0/package /home/koneko/.npm/f354aa4f-pm-cloud9-cucumber-0-1-0-package.lock
63 silly lockFile f5813fb0-loud9-cucumber-0-1-0-package-tgz tar:///home/koneko/.npm/cloud9-cucumber/0.1.0/package.tgz
64 verbose lock tar:///home/koneko/.npm/cloud9-cucumber/0.1.0/package.tgz /home/koneko/.npm/f5813fb0-loud9-cucumber-0-1-0-package-tgz.lock
65 silly gunzTarPerm modes [ '755', '644' ]
66 silly gunzTarPerm extractEntry package.json
67 silly gunzTarPerm extractEntry .npmignore
68 silly gunzTarPerm extractEntry README.md
69 silly gunzTarPerm extractEntry mode-gherkin.js
70 silly gunzTarPerm extractEntry postinstall.js
71 silly gunzTarPerm extractEntry client/ext.cucumber/package.json
72 silly gunzTarPerm extractEntry client/ext.cucumber/cucumber.js
73 silly gunzTarPerm extractEntry client/ext.cucumber/cucumber.coffee
74 silly gunzTarPerm extractEntry postinstall.coffee
75 silly gunzTarPerm extractEntry server/cloud9.cucumber/package.json
76 silly gunzTarPerm extractEntry server/cloud9.cucumber/autocompleter.js
77 silly gunzTarPerm extractEntry server/cloud9.cucumber/cucumber.js
78 silly gunzTarPerm extractEntry server/cloud9.cucumber/autocompleter.coffee
79 silly gunzTarPerm extractEntry server/cloud9.cucumber/cucumber.coffee
80 silly lockFile f354aa4f-pm-cloud9-cucumber-0-1-0-package tar:///home/koneko/.npm/cloud9-cucumber/0.1.0/package
81 silly lockFile f354aa4f-pm-cloud9-cucumber-0-1-0-package tar:///home/koneko/.npm/cloud9-cucumber/0.1.0/package
82 silly lockFile f5813fb0-loud9-cucumber-0-1-0-package-tgz tar:///home/koneko/.npm/cloud9-cucumber/0.1.0/package.tgz
83 silly lockFile f5813fb0-loud9-cucumber-0-1-0-package-tgz tar:///home/koneko/.npm/cloud9-cucumber/0.1.0/package.tgz
84 verbose chmod /home/koneko/.npm/cloud9-cucumber/0.1.0/package.tgz 644
85 verbose chown /home/koneko/.npm/cloud9-cucumber/0.1.0/package.tgz [ 1000, 1001 ]
86 silly lockFile 3a52ce78- .
87 silly lockFile 3a52ce78- .
88 silly publish { name: 'cloud9-cucumber',
88 silly publish   version: '0.1.0',
88 silly publish   description: 'Cucumber plugin for Cloud9. It provide autocompletion of steps and tags and higlighting (I used syntax highlighters for Gherkin source https://github.com/cucumber/gherkin-syntax-highlighters).',
88 silly publish   dependencies: { watch: '0.9.0', ncp: '0.5.0' },
88 silly publish   engines: { node: '>= 0.8.24' },
88 silly publish   repository:
88 silly publish    { type: 'git',
88 silly publish      url: 'http://github.com/furagi/cloud9-cucumber.git' },
88 silly publish   scripts: { postinstall: 'node postinstall.js' },
88 silly publish   author: { name: 'Ilya Boyko', email: 'furagi.usagi@gmail.com' },
88 silly publish   readmeFilename: 'README.md',
88 silly publish   readme: 'Cucumber plugin for Cloud9\n============================\n\n## Features\n\n* Syntax highlighting (it used syntax highlighters for Gherkin source https://github.com/cucumber/gherkin-syntax-highlighters).\n* Indexing project directory.\n* Atucompletion for tags and steps.\n\n## Installation\n\n* Install pure Cloud9: \n\n\t$ git clone https://github.com/ajaxorg/cloud9.git\n\n\t$ cd cloud9\n\n\t$ npm install\n\n* Install this plugin: \n\n\t$ npm install cucmber-cloud9\n\n## Using\n\n* For selecting cucumber syntax highlighter (in Cloud9): View -> Syntax -> Other -> gherkin\n* For autocmlpetion: press Ctrl + Space',
88 silly publish   bugs: { url: 'https://github.com/furagi/cloud9-cucumber/issues' },
88 silly publish   _id: 'cloud9-cucumber@0.1.0',
88 silly publish   dist: { shasum: '5e75a1f849b768cb2dc4dc216a217f0457e0d308' },
88 silly publish   _from: '.' }
89 verbose url raw cloud9-cucumber
90 verbose url resolving [ 'https://registry.npmjs.org/', './cloud9-cucumber' ]
91 verbose url resolved https://registry.npmjs.org/cloud9-cucumber
92 info trying registry request attempt 1 at 18:44:36
93 http PUT https://registry.npmjs.org/cloud9-cucumber
94 http 201 https://registry.npmjs.org/cloud9-cucumber
95 verbose url raw cloud9-cucumber
96 verbose url resolving [ 'https://registry.npmjs.org/', './cloud9-cucumber' ]
97 verbose url resolved https://registry.npmjs.org/cloud9-cucumber
98 info trying registry request attempt 1 at 18:44:52
99 http GET https://registry.npmjs.org/cloud9-cucumber
100 http 200 https://registry.npmjs.org/cloud9-cucumber
101 error publish fail Cannot publish over existing version.
101 error publish fail Update the 'version' field in package.json and try again.
101 error publish fail
101 error publish fail If the previous version was published in error, see:
101 error publish fail     npm help unpublish
101 error publish fail
101 error publish fail To automatically increment version numbers, see:
101 error publish fail     npm help version
102 error System Linux 3.9.7-calculate
103 error command "/usr/bin/node" "/usr/bin/npm" "publish"
104 error cwd /var/www/localhost/htdocs/work/cloud9-cucumber
105 error node -v v0.10.17
106 error npm -v 1.3.8
107 error code EPUBLISHCONFLICT
108 verbose exit [ 1, true ]
